<?xml version="1.0"?>
<testExecutions version="1">
  <file path="">
    <testCase name="test_barcodeType" duration="3"/>
    <testCase name="test_convert" duration="3"/>
    <testCase name="test_embeddedType" duration="1"/>
    <testCase name="test_embeddedValue" duration="1"/>
    <testCase name="test_toDigits" duration="1"/>
    <testCase name="test_validate" duration="1"/>
    <testCase name="testIsGS1Fails" duration="1"/>
    <testCase name="testIsPriceEmbeddedFails" duration="0"/>
    <testCase name="testIsValidUPCAFails" duration="0"/>
    <testCase name="testIsValidUPCEFails" duration="0"/>
    <testCase name="testIsWeightEmbeddedFails" duration="1"/>
  </file>
  <file path="">
    <testCase name="test_beginningOfDay" duration="3"/>
    <testCase name="test_by" duration="1"/>
    <testCase name="test_endOfDay" duration="1"/>
    <testCase name="test_isBetween" duration="1"/>
    <testCase name="test_isDays" duration="1"/>
    <testCase name="test_isIn" duration="1"/>
    <testCase name="testHourString" duration="0">
      <failure message="XCTAssertTrue failed - ">MobilePickerTests/Managers/DateFunctionTests.swift:96</failure>
    </testCase>
    <testCase name="testNavigationBarTitle" duration="1"/>
    <testCase name="testOrdersPageString" duration="1"/>
  </file>
  <file path="">
    <testCase name="test_IfFrenchIsTheSameAsEnglish" duration="18"/>
    <testCase name="test_missingAssets" duration="4"/>
  </file>
  <file path="">
    <testCase name="test_getUserNames" duration="3"/>
  </file>
</testExecutions>
